#-----------------------------------------------------------
# Vivado v2018.2 (64-bit)
# SW Build 2258646 on Thu Jun 14 20:03:12 MDT 2018
# IP Build 2256618 on Thu Jun 14 22:10:49 MDT 2018
# Start of session at: Sun Apr  5 20:48:01 2020
# Process ID: 20076
# Current directory: D:/NUS/EE2026/EE2026_project/SoundDisplay
# Command line: vivado.exe -gui_launcher_event rodinguilauncherevent21292 D:\NUS\EE2026\EE2026_project\SoundDisplay\SoundDisplay.xpr
# Log file: D:/NUS/EE2026/EE2026_project/SoundDisplay/vivado.log
# Journal file: D:/NUS/EE2026/EE2026_project/SoundDisplay\vivado.jou
#-----------------------------------------------------------
start_gui
open_project D:/NUS/EE2026/EE2026_project/SoundDisplay/SoundDisplay.xpr
Scanning sources...
Finished scanning sources
INFO: [IP_Flow 19-234] Refreshing IP repositories
INFO: [IP_Flow 19-1704] No user IP repositories specified
INFO: [IP_Flow 19-2313] Loaded Vivado IP repository 'D:/XILINX/Vivado/2018.2/data/ip'.
open_project: Time (s): cpu = 00:00:09 ; elapsed = 00:02:09 . Memory (MB): peak = 718.051 ; gain = 89.164
exit
INFO: [Common 17-206] Exiting Vivado at Sun Apr  5 20:56:31 2020...
