#-----------------------------------------------------------
# Vivado v2018.2 (64-bit)
# SW Build 2258646 on Thu Jun 14 20:03:12 MDT 2018
# IP Build 2256618 on Thu Jun 14 22:10:49 MDT 2018
# Start of session at: Sun Mar 22 12:49:38 2020
# Process ID: 16976
# Current directory: D:/NUS/EE2026/EE2026_project/EE2026_Project.xpr/SoundDisplay
# Command line: vivado.exe -gui_launcher_event rodinguilauncherevent22984 D:\NUS\EE2026\EE2026_project\EE2026_Project.xpr\SoundDisplay\SoundDisplay.xpr
# Log file: D:/NUS/EE2026/EE2026_project/EE2026_Project.xpr/SoundDisplay/vivado.log
# Journal file: D:/NUS/EE2026/EE2026_project/EE2026_Project.xpr/SoundDisplay\vivado.jou
#-----------------------------------------------------------
start_gui
open_project D:/NUS/EE2026/EE2026_project/EE2026_Project.xpr/SoundDisplay/SoundDisplay.xpr
INFO: [Project 1-313] Project file moved from 'C:/Users/Zhu Zikun/AppData/Roaming/Xilinx/Vivado/.Xil/Vivado-7448-Zikuns-Lenovo-Laptop/PrjAr/_X_' since last save.
Scanning sources...
Finished scanning sources
INFO: [IP_Flow 19-234] Refreshing IP repositories
INFO: [IP_Flow 19-1704] No user IP repositories specified
INFO: [IP_Flow 19-2313] Loaded Vivado IP repository 'D:/XILINX/Vivado/2018.2/data/ip'.
open_project: Time (s): cpu = 00:00:10 ; elapsed = 00:00:20 . Memory (MB): peak = 725.453 ; gain = 85.996
update_compile_order -fileset sources_1
