Copyright 1986-2018 Xilinx, Inc. All Rights Reserved.
-------------------------------------------------------------------------------------------------------------------------------------------------------
| Tool Version     : Vivado v.2018.2 (win64) Build 2258646 Thu Jun 14 20:03:12 MDT 2018
| Date             : Sun Apr  5 04:06:47 2020
| Host             : DESKTOP-5E95DDI running 64-bit major release  (build 9200)
| Command          : report_power -file Top_Student_power_routed.rpt -pb Top_Student_power_summary_routed.pb -rpx Top_Student_power_routed.rpx
| Design           : Top_Student
| Device           : xc7a35tcpg236-1
| Design State     : routed
| Grade            : commercial
| Process          : typical
| Characterization : Production
-------------------------------------------------------------------------------------------------------------------------------------------------------

Power Report

Table of Contents
-----------------
1. Summary
1.1 On-Chip Components
1.2 Power Supply Summary
1.3 Confidence Level
2. Settings
2.1 Environment
2.2 Clock Constraints
3. Detailed Reports
3.1 By Hierarchy

1. Summary
----------

+--------------------------+--------------+
| Total On-Chip Power (W)  | 0.588        |
| Design Power Budget (W)  | Unspecified* |
| Power Budget Margin (W)  | NA           |
| Dynamic (W)              | 0.516        |
| Device Static (W)        | 0.073        |
| Effective TJA (C/W)      | 5.0          |
| Max Ambient (C)          | 82.1         |
| Junction Temperature (C) | 27.9         |
| Confidence Level         | Low          |
| Setting File             | ---          |
| Simulation Activity File | ---          |
| Design Nets Matched      | NA           |
+--------------------------+--------------+
* Specify Design Power Budget using, set_operating_conditions -design_power_budget <value in Watts>


1.1 On-Chip Components
----------------------

+----------------+-----------+----------+-----------+-----------------+
| On-Chip        | Power (W) | Used     | Available | Utilization (%) |
+----------------+-----------+----------+-----------+-----------------+
| Clocks         |     0.001 |        3 |       --- |             --- |
| Slice Logic    |     0.262 |    27660 |       --- |             --- |
|   LUT as Logic |     0.243 |    17860 |     20800 |           85.87 |
|   F7/F8 Muxes  |     0.019 |     8079 |     32600 |           24.78 |
|   CARRY4       |    <0.001 |       84 |      8150 |            1.03 |
|   Register     |    <0.001 |      501 |     41600 |            1.20 |
|   BUFG         |    <0.001 |        3 |        32 |            9.38 |
|   Others       |     0.000 |       85 |       --- |             --- |
| Signals        |     0.239 |    11137 |       --- |             --- |
| DSPs           |     0.002 |        2 |        90 |            2.22 |
| I/O            |     0.011 |       57 |       106 |           53.77 |
| Static Power   |     0.073 |          |           |                 |
| Total          |     0.588 |          |           |                 |
+----------------+-----------+----------+-----------+-----------------+


1.2 Power Supply Summary
------------------------

+-----------+-------------+-----------+-------------+------------+
| Source    | Voltage (V) | Total (A) | Dynamic (A) | Static (A) |
+-----------+-------------+-----------+-------------+------------+
| Vccint    |       1.000 |     0.515 |       0.504 |      0.011 |
| Vccaux    |       1.800 |     0.013 |       0.000 |      0.013 |
| Vcco33    |       3.300 |     0.004 |       0.003 |      0.001 |
| Vcco25    |       2.500 |     0.000 |       0.000 |      0.000 |
| Vcco18    |       1.800 |     0.000 |       0.000 |      0.000 |
| Vcco15    |       1.500 |     0.000 |       0.000 |      0.000 |
| Vcco135   |       1.350 |     0.000 |       0.000 |      0.000 |
| Vcco12    |       1.200 |     0.000 |       0.000 |      0.000 |
| Vccaux_io |       1.800 |     0.000 |       0.000 |      0.000 |
| Vccbram   |       1.000 |     0.000 |       0.000 |      0.000 |
| MGTAVcc   |       1.000 |     0.000 |       0.000 |      0.000 |
| MGTAVtt   |       1.200 |     0.000 |       0.000 |      0.000 |
| Vccadc    |       1.800 |     0.020 |       0.000 |      0.020 |
+-----------+-------------+-----------+-------------+------------+


1.3 Confidence Level
--------------------

+-----------------------------+------------+--------------------------------------------------------+--------------------------------------------------------------------------------------------------------------------+
| User Input Data             | Confidence | Details                                                | Action                                                                                                             |
+-----------------------------+------------+--------------------------------------------------------+--------------------------------------------------------------------------------------------------------------------+
| Design implementation state | High       | Design is routed                                       |                                                                                                                    |
| Clock nodes activity        | Low        | User specified less than 75% of clocks                 | Provide missing clock activity with a constraint file, simulation results or by editing the "By Clock Domain" view |
| I/O nodes activity          | Low        | More than 75% of inputs are missing user specification | Provide missing input activity with simulation results or by editing the "By Resource Type -> I/Os" view           |
| Internal nodes activity     | Medium     | User specified less than 25% of internal nodes         | Provide missing internal nodes activity with simulation results or by editing the "By Resource Type" views         |
| Device models               | High       | Device models are Production                           |                                                                                                                    |
|                             |            |                                                        |                                                                                                                    |
| Overall confidence level    | Low        |                                                        |                                                                                                                    |
+-----------------------------+------------+--------------------------------------------------------+--------------------------------------------------------------------------------------------------------------------+


2. Settings
-----------

2.1 Environment
---------------

+-----------------------+--------------------------+
| Ambient Temp (C)      | 25.0                     |
| ThetaJA (C/W)         | 5.0                      |
| Airflow (LFM)         | 250                      |
| Heat Sink             | medium (Medium Profile)  |
| ThetaSA (C/W)         | 4.6                      |
| Board Selection       | medium (10"x10")         |
| # of Board Layers     | 12to15 (12 to 15 Layers) |
| Board Temperature (C) | 25.0                     |
+-----------------------+--------------------------+


2.2 Clock Constraints
---------------------

+-------------+--------+-----------------+
| Clock       | Domain | Constraint (ns) |
+-------------+--------+-----------------+
| sys_clk_pin | CLOCK  |            10.0 |
+-------------+--------+-----------------+


3. Detailed Reports
-------------------

3.1 By Hierarchy
----------------

+------------------------+-----------+
| Name                   | Power (W) |
+------------------------+-----------+
| Top_Student            |     0.516 |
|   CLK1                 |    <0.001 |
|   CLK2                 |    <0.001 |
|   CSEE                 |     0.050 |
|     ns                 |    <0.001 |
|       db               |    <0.001 |
|         dut1           |    <0.001 |
|         dut2           |    <0.001 |
|     singlePulseButton1 |    <0.001 |
|       dut2             |    <0.001 |
|     singlePulseButton2 |    <0.001 |
|       dut1             |    <0.001 |
|     singlePulseButton3 |    <0.001 |
|       dut1             |    <0.001 |
|     singlePulseButton4 |    <0.001 |
|       dut2             |    <0.001 |
|     singlePulseCLK1    |    <0.001 |
|       dut1             |    <0.001 |
|       dut2             |    <0.001 |
|   DISPLAY_AND_AUDIO    |    <0.001 |
|   EST                  |     0.012 |
|     db                 |    <0.001 |
|       dut1             |    <0.001 |
|       dut2             |    <0.001 |
|     rng                |    <0.001 |
|     singlePulseButton1 |    <0.001 |
|       dut1             |    <0.001 |
|     singlePulseButton2 |    <0.001 |
|       dut2             |    <0.001 |
|     singlePulseButton3 |    <0.001 |
|       dut2             |    <0.001 |
|     singlePulseButton4 |    <0.001 |
|       dut1             |    <0.001 |
|     singlePulseButton5 |    <0.001 |
|       dut1             |    <0.001 |
|       dut2             |    <0.001 |
|   OLED                 |     0.340 |
|   button1              |    <0.001 |
|     dut1               |    <0.001 |
|     dut2               |    <0.001 |
|   button2              |    <0.001 |
|     dut1               |    <0.001 |
|     dut2               |    <0.001 |
|   button3              |    <0.001 |
|     dut1               |    <0.001 |
|     dut2               |    <0.001 |
|   button4              |    <0.001 |
|     dut1               |    <0.001 |
|     dut2               |    <0.001 |
|   button5              |    <0.001 |
|     dut1               |    <0.001 |
|     dut2               |    <0.001 |
|   mi1                  |    <0.001 |
|   nus                  |     0.045 |
|   sb                   |     0.041 |
|   sd1                  |     0.000 |
|   sw7out               |     0.013 |
|   vb                   |    <0.001 |
+------------------------+-----------+


